This is pdfTeX, Version 3.1415926-2.4-1.40.13 (TeX Live 2012/Debian)
 restricted \write18 enabled.
entering extended mode
(/home/haavard/projects/master/master_thesis/chapters/acronyms.tex
LaTeX2e <2011/06/27>
Babel <v3.8m> and hyphenation patterns for english, dumylang, nohyphenation, et
hiopic, farsi, arabic, pinyin, croatian, bulgarian, ukrainian, russian, slovak,
 czech, danish, dutch, usenglishmax, ukenglish, finnish, french, basque, ngerma
n, german, swissgerman, ngerman-x-2012-05-30, german-x-2012-05-30, monogreek, g
reek, ibycus, ancientgreek, hungarian, bengali, tamil, hindi, telugu, gujarati,
 sanskrit, malayalam, kannada, assamese, marathi, oriya, panjabi, italian, lati
n, latvian, lithuanian, mongolian, mongolianlmc, nynorsk, bokmal, indonesian, e
speranto, coptic, welsh, irish, interlingua, serbian, serbianc, slovenian, friu
lan, romansh, estonian, romanian, armenian, uppersorbian, turkish, afrikaans, i
celandic, kurmanji, polish, portuguese, galician, catalan, spanish, swedish, th
ai, loaded.
! Undefined control sequence.
l.1 \newacronym
               [description={defines a standard packet format for delivering...


! LaTeX Error: Missing \begin{document}.

See the LaTeX manual or LaTeX Companion for explanation.
Type  H <return>  for immediate help.
 ...                                              
                                                  
l.1 \newacronym[
                description={defines a standard packet format for delivering...

! Undefined control sequence.
l.2 \newacronym
               [description={develops and promotes Internet standards.}]{iet...

! Undefined control sequence.
l.3 \newacronym
               [description={https://tools.ietf.org/html/rfc2616}]{http}{HTT...

! Undefined control sequence.
l.4 \newacronym
               [description={https://tools.ietf.org/html/rfc2660}]{https}{HT...

! Undefined control sequence.
l.5 \newacronym
               [description={http://www.w3.org/http rfc}]{w3c}{W3C}{World Wi...

! Undefined control sequence.
l.6 \newacronym
               [description={http://tools.ietf.org/html/rfc5576}]{ssrc}{SSRC...

! Undefined control sequence.
l.7 \newacronym
               [description={An endpoint used to bridge videoconferencing co...

! Undefined control sequence.
l.8 \newacronym
               [description={https://www.ietf.org/rfc/rfc768.txt}]{udp}{UDP}...

! Undefined control sequence.
l.9 \newacronym
               [description={RFC 4566}]{sdp}{SDP}{Session Description Protocol}

! Undefined control sequence.
l.10 \newacronym
                [description={RFC 5389}]{stun}{STUN}{Session Traversal Utili...

! Undefined control sequence.
l.11 \newacronym
                [description={RFC 5766}]{turn}{TURN}{Traversal Using Relays ...

! Undefined control sequence.
l.12 \newacronym
                [description={https://en.wikipedia.org/wiki/Network_address_...

! Missing $ inserted.
<inserted text> 
                $
l.12 ...on={https://en.wikipedia.org/wiki/Network_
                                                  address_translation}]{nat}...

! Extra }, or forgotten $.
l.12 ...edia.org/wiki/Network_address_translation}
                                                  ]{nat}{NAT}{Network Addres...

! Undefined control sequence.
l.13 \newacronym
                [description={RFC 6347}]{dtls}{DTLS}{Datagram Transport Laye...

! Undefined control sequence.
l.14 \newacronym
                [description={RFC 4960}]{sctp}{SCTP}{Stream Control Transpor...

! Undefined control sequence.
l.15 \newacronym
                [description={RFC 3711}]{srtp}{SRTP}{Secure Real-time Protocol}

! Undefined control sequence.
l.16 \newacronym
                [description={RFC 5245}]{ice}{ICE}{Interactive Connectivity ...

! Undefined control sequence.
l.17 \newacronym
                [description={http://www.w3.org/TR/webrtc/}]{wrtc}{WebRTC}{W...

! Undefined control sequence.
l.18 \newacronym
                [description={Integrated communication medium based on the u...

! Undefined control sequence.
l.19 \newacronym
                [description={http://tools.ietf.org/html/draft-ietf-rtcweb-j...

! Undefined control sequence.
l.20 \newacronym
                [description={https://tools.ietf.org/wg/rtcweb/}]{rtcweb}{RT...

! Undefined control sequence.
l.21 \newacronym
                [description={https://tools.ietf.org/html/rfc6970}]{upnp}{UP...

! Undefined control sequence.
l.22 \newacronym
                [description={http://www.ietf.org/rfc/rfc793.txt}]{tcp}{TCP}...

)
! Emergency stop.
<*> .../master/master_thesis/chapters/acronyms.tex
                                                  
!  ==> Fatal error occurred, no output PDF file produced!
Transcript written on /home/haavard/projects/master/master_thesis/chapters/acro
nyms.log.
